[debug] [2020-10-13T19:36:27.919Z] ----------------------------------------------------------------------
[debug] [2020-10-13T19:36:27.920Z] Command:       C:\Program Files\nodejs\node.exe C:\Users\rrobl\AppData\Roaming\npm\node_modules\firebase-tools\lib\bin\firebase.js deploy
[debug] [2020-10-13T19:36:27.921Z] CLI Version:   8.12.1
[debug] [2020-10-13T19:36:27.921Z] Platform:      win32
[debug] [2020-10-13T19:36:27.921Z] Node Version:  v14.13.0
[debug] [2020-10-13T19:36:27.922Z] Time:          Tue Oct 13 2020 14:36:27 GMT-0500 (Colombia Standard Time)
[debug] [2020-10-13T19:36:27.922Z] ----------------------------------------------------------------------
[debug] [2020-10-13T19:36:27.922Z] 
[debug] [2020-10-13T19:36:27.928Z] > command requires scopes: ["email","openid","https://www.googleapis.com/auth/cloudplatformprojects.readonly","https://www.googleapis.com/auth/firebase","https://www.googleapis.com/auth/cloud-platform"]
[debug] [2020-10-13T19:36:27.929Z] > authorizing via signed-in user
[debug] [2020-10-13T19:36:27.929Z] [iam] checking project ruedaz-web-site for permissions ["firebase.projects.get","firebasehosting.sites.update"]
[debug] [2020-10-13T19:36:27.931Z] > refreshing access token with scopes: ["email","https://www.googleapis.com/auth/cloud-platform","https://www.googleapis.com/auth/cloudplatformprojects.readonly","https://www.googleapis.com/auth/firebase","openid"]
[debug] [2020-10-13T19:36:27.932Z] >>> HTTP REQUEST POST https://www.googleapis.com/oauth2/v3/token  
 <request body omitted>
[debug] [2020-10-13T19:36:28.217Z] <<< HTTP RESPONSE 200 {"expires":"Mon, 01 Jan 1990 00:00:00 GMT","date":"Tue, 13 Oct 2020 19:36:32 GMT","pragma":"no-cache","cache-control":"no-cache, no-store, max-age=0, must-revalidate","content-type":"application/json; charset=utf-8","vary":"X-Origin, Referer, Origin,Accept-Encoding","server":"scaffolding on HTTPServer2","x-xss-protection":"0","x-frame-options":"SAMEORIGIN","x-content-type-options":"nosniff","alt-svc":"h3-Q050=\":443\"; ma=2592000,h3-29=\":443\"; ma=2592000,h3-27=\":443\"; ma=2592000,h3-T051=\":443\"; ma=2592000,h3-T050=\":443\"; ma=2592000,h3-Q046=\":443\"; ma=2592000,h3-Q043=\":443\"; ma=2592000,quic=\":443\"; ma=2592000; v=\"46,43\"","accept-ranges":"none","transfer-encoding":"chunked"}
[debug] [2020-10-13T19:36:28.222Z] >>> HTTP REQUEST POST https://cloudresourcemanager.googleapis.com/v1/projects/ruedaz-web-site:testIamPermissions  
 {"permissions":["firebase.projects.get","firebasehosting.sites.update"]}
[debug] [2020-10-13T19:36:49.334Z] [iam] error while checking permissions, command may fail: FirebaseError: Server Error. connect ETIMEDOUT 172.217.28.106:443
[debug] [2020-10-13T19:36:49.334Z] >>> HTTP REQUEST GET https://firebase.googleapis.com/v1beta1/projects/ruedaz-web-site  
 
[debug] [2020-10-13T19:37:10.374Z] Server Error. connect ETIMEDOUT 172.217.30.202:443
[debug] [2020-10-13T19:37:10.376Z] FirebaseError: Server Error. connect ETIMEDOUT 172.217.30.202:443
    at Request._callback (C:\Users\rrobl\AppData\Roaming\npm\node_modules\firebase-tools\lib\api.js:32:31)
    at self.callback (C:\Users\rrobl\AppData\Roaming\npm\node_modules\firebase-tools\node_modules\request\request.js:185:22)
    at Request.emit (events.js:314:20)
    at Request.EventEmitter.emit (domain.js:486:12)
    at Request.onRequestError (C:\Users\rrobl\AppData\Roaming\npm\node_modules\firebase-tools\node_modules\request\request.js:877:8)
    at ClientRequest.emit (events.js:326:22)
    at ClientRequest.EventEmitter.emit (domain.js:486:12)
    at TLSSocket.socketErrorListener (_http_client.js:469:9)
    at TLSSocket.emit (events.js:314:20)
    at TLSSocket.EventEmitter.emit (domain.js:486:12)
    at emitErrorNT (internal/streams/destroy.js:106:8)
    at emitErrorCloseNT (internal/streams/destroy.js:74:3)
    at processTicksAndRejections (internal/process/task_queues.js:80:21)
[error] 
[error] Error: Failed to get Firebase project ruedaz-web-site. Please make sure the project exists and your account has permission to access it.
